0 info it worked if it ends with ok
1 verbose cli [ 'node', '/usr/local/bin/npm', 'install', 'node-inspector', '-g' ]
2 info using npm@1.2.23
3 info using node@v0.10.8
4 verbose read json /usr/local/lib/package.json
5 verbose read json /usr/local/lib/package.json
6 verbose cache add [ 'node-inspector', null ]
7 verbose cache add name=undefined spec="node-inspector" args=["node-inspector",null]
8 verbose parsed url { protocol: null,
8 verbose parsed url   slashes: null,
8 verbose parsed url   auth: null,
8 verbose parsed url   host: null,
8 verbose parsed url   port: null,
8 verbose parsed url   hostname: null,
8 verbose parsed url   hash: null,
8 verbose parsed url   search: null,
8 verbose parsed url   query: null,
8 verbose parsed url   pathname: 'node-inspector',
8 verbose parsed url   path: 'node-inspector',
8 verbose parsed url   href: 'node-inspector' }
9 silly lockFile 4198ef9e-node-inspector node-inspector
10 verbose lock node-inspector /Users/jared/.npm/4198ef9e-node-inspector.lock
11 silly lockFile 4198ef9e-node-inspector node-inspector
12 silly lockFile 4198ef9e-node-inspector node-inspector
13 verbose addNamed [ 'node-inspector', '' ]
14 verbose addNamed [ null, '' ]
15 silly lockFile e68b88da-node-inspector node-inspector@
16 verbose lock node-inspector@ /Users/jared/.npm/e68b88da-node-inspector.lock
17 silly addNameRange { name: 'node-inspector', range: '', hasData: false }
18 verbose url raw node-inspector
19 verbose url resolving [ 'https://registry.npmjs.org/', './node-inspector' ]
20 verbose url resolved https://registry.npmjs.org/node-inspector
21 info trying registry request attempt 1 at 14:49:11
22 http GET https://registry.npmjs.org/node-inspector
23 http 200 https://registry.npmjs.org/node-inspector
24 silly registry.get cb [ 200,
24 silly registry.get   { vary: 'Accept',
24 silly registry.get     server: 'CouchDB/1.3.0 (Erlang OTP/R15B03)',
24 silly registry.get     etag: '"BDN671C35SPDNYM08D1XQQK2O"',
24 silly registry.get     date: 'Fri, 14 Jun 2013 18:49:12 GMT',
24 silly registry.get     'content-type': 'application/json',
24 silly registry.get     'content-length': '40552' } ]
25 silly addNameRange number 2 { name: 'node-inspector', range: '', hasData: true }
26 silly addNameRange versions [ 'node-inspector',
26 silly addNameRange   [ '0.0.1',
26 silly addNameRange     '0.0.2',
26 silly addNameRange     '0.0.3',
26 silly addNameRange     '0.0.4',
26 silly addNameRange     '0.1.0',
26 silly addNameRange     '0.1.1',
26 silly addNameRange     '0.1.2',
26 silly addNameRange     '0.1.3',
26 silly addNameRange     '0.1.4',
26 silly addNameRange     '0.1.5',
26 silly addNameRange     '0.1.6',
26 silly addNameRange     '0.1.7',
26 silly addNameRange     '0.1.8',
26 silly addNameRange     '0.1.9',
26 silly addNameRange     '0.1.10',
26 silly addNameRange     '0.2.0beta1',
26 silly addNameRange     '0.2.0beta2',
26 silly addNameRange     '0.2.0beta3',
26 silly addNameRange     '0.2.0beta4',
26 silly addNameRange     '0.3.0preview1' ] ]
27 verbose addNamed [ 'node-inspector', '0.2.0beta4' ]
28 verbose addNamed [ '0.2.0beta4', '0.2.0beta4' ]
29 silly lockFile a798fff4-node-inspector-0-2-0beta4 node-inspector@0.2.0beta4
30 verbose lock node-inspector@0.2.0beta4 /Users/jared/.npm/a798fff4-node-inspector-0-2-0beta4.lock
31 silly lockFile c7ebfedc-or-node-inspector-0-2-0beta4-tgz https://registry.npmjs.org/node-inspector/-/node-inspector-0.2.0beta4.tgz
32 verbose lock https://registry.npmjs.org/node-inspector/-/node-inspector-0.2.0beta4.tgz /Users/jared/.npm/c7ebfedc-or-node-inspector-0-2-0beta4-tgz.lock
33 verbose addRemoteTarball [ 'https://registry.npmjs.org/node-inspector/-/node-inspector-0.2.0beta4.tgz',
33 verbose addRemoteTarball   'c850880e32c509062e8e08f7028a6e8ac8ba8aae' ]
34 info retry fetch attempt 1 at 14:49:12
35 verbose fetch to= /var/folders/kz/nxrwsvdx30s0v45khlnfcq7h0000gn/T/npm-1268/1371235752917-0.5273103220388293/tmp.tgz
36 http GET https://registry.npmjs.org/node-inspector/-/node-inspector-0.2.0beta4.tgz
37 http 200 https://registry.npmjs.org/node-inspector/-/node-inspector-0.2.0beta4.tgz
38 verbose tar unpack /var/folders/kz/nxrwsvdx30s0v45khlnfcq7h0000gn/T/npm-1268/1371235752917-0.5273103220388293/tmp.tgz
39 silly lockFile 1315746b-52917-0-5273103220388293-package /var/folders/kz/nxrwsvdx30s0v45khlnfcq7h0000gn/T/npm-1268/1371235752917-0.5273103220388293/package
40 verbose lock /var/folders/kz/nxrwsvdx30s0v45khlnfcq7h0000gn/T/npm-1268/1371235752917-0.5273103220388293/package /Users/jared/.npm/1315746b-52917-0-5273103220388293-package.lock
41 silly lockFile 86ae6346-52917-0-5273103220388293-tmp-tgz /var/folders/kz/nxrwsvdx30s0v45khlnfcq7h0000gn/T/npm-1268/1371235752917-0.5273103220388293/tmp.tgz
42 verbose lock /var/folders/kz/nxrwsvdx30s0v45khlnfcq7h0000gn/T/npm-1268/1371235752917-0.5273103220388293/tmp.tgz /Users/jared/.npm/86ae6346-52917-0-5273103220388293-tmp-tgz.lock
43 silly gunzTarPerm modes [ '755', '644' ]
44 silly gunzTarPerm extractEntry package.json
45 silly gunzTarPerm extractEntry .npmignore
46 silly gunzTarPerm extractEntry LICENSE
47 silly gunzTarPerm extractEntry ChangeLog
48 silly gunzTarPerm extractEntry bin/inspector.js
49 silly gunzTarPerm extractEntry config.json
50 silly gunzTarPerm extractEntry front-end/devtools.js
51 silly gunzTarPerm extractEntry front-end/node/InspectorBackendStub.js
52 silly gunzTarPerm extractEntry front-end/node/InspectorFrontendHostStub.js
53 silly gunzTarPerm extractEntry front-end/node/Overrides.js
54 silly gunzTarPerm extractEntry front-end/Images/resourcesSizeGraphIcon.png
55 silly gunzTarPerm extractEntry front-end/Images/applicationCache.png
56 silly gunzTarPerm extractEntry front-end/Images/back.png
57 silly gunzTarPerm extractEntry front-end/Images/breakpointBorder.png
58 silly gunzTarPerm extractEntry front-end/Images/breakpointConditionalBorder.png
59 silly gunzTarPerm extractEntry front-end/Images/breakpointConditionalCounterBorder.png
60 silly gunzTarPerm extractEntry front-end/Images/breakpointCounterBorder.png
61 silly gunzTarPerm extractEntry front-end/Images/breakpointsActivateButtonGlyph.png
62 silly gunzTarPerm extractEntry front-end/Images/breakpointsDeactivateButtonGlyph.png
63 silly gunzTarPerm extractEntry front-end/Images/checker.png
64 silly gunzTarPerm extractEntry front-end/Images/clearConsoleButtonGlyph.png
65 silly gunzTarPerm extractEntry front-end/Images/closeButtons.png
66 silly gunzTarPerm extractEntry front-end/Images/consoleButtonGlyph.png
67 silly gunzTarPerm extractEntry front-end/Images/consoleIcon.png
68 silly gunzTarPerm extractEntry front-end/Images/cookie.png
69 silly gunzTarPerm extractEntry front-end/Images/database.png
70 silly gunzTarPerm extractEntry front-end/Images/databaseTable.png
71 silly gunzTarPerm extractEntry front-end/Images/debuggerContinue.png
72 silly gunzTarPerm extractEntry front-end/Images/debuggerPause.png
73 silly gunzTarPerm extractEntry front-end/Images/debuggerStepInto.png
74 silly gunzTarPerm extractEntry front-end/Images/debuggerStepOut.png
75 silly gunzTarPerm extractEntry front-end/Images/debuggerStepOver.png
76 silly gunzTarPerm extractEntry front-end/Images/deleteIcon.png
77 silly gunzTarPerm extractEntry front-end/Images/disclosureTriangleSmallDown.png
78 silly gunzTarPerm extractEntry front-end/Images/disclosureTriangleSmallDownBlack.png
79 silly gunzTarPerm extractEntry front-end/Images/disclosureTriangleSmallDownWhite.png
80 silly gunzTarPerm extractEntry front-end/Images/disclosureTriangleSmallRight.png
81 silly gunzTarPerm extractEntry front-end/Images/disclosureTriangleSmallRightBlack.png
82 silly gunzTarPerm extractEntry front-end/Images/disclosureTriangleSmallRightDown.png
83 silly gunzTarPerm extractEntry front-end/Images/disclosureTriangleSmallRightDownBlack.png
84 silly gunzTarPerm extractEntry front-end/Images/disclosureTriangleSmallRightDownWhite.png
85 silly gunzTarPerm extractEntry front-end/Images/disclosureTriangleSmallRightWhite.png
86 silly gunzTarPerm extractEntry front-end/Images/dockButtonGlyph.png
87 silly gunzTarPerm extractEntry front-end/Images/elementsIcon.png
88 silly gunzTarPerm extractEntry front-end/Images/enableOutlineButtonGlyph.png
89 silly gunzTarPerm extractEntry front-end/Images/enableSolidButtonGlyph.png
90 silly gunzTarPerm extractEntry front-end/Images/errorIcon.png
91 silly gunzTarPerm extractEntry front-end/Images/errorMediumIcon.png
92 silly gunzTarPerm extractEntry front-end/Images/errorRedDot.png
93 silly gunzTarPerm extractEntry front-end/Images/excludeButtonGlyph.png
94 silly gunzTarPerm extractEntry front-end/Images/focusButtonGlyph.png
95 silly gunzTarPerm extractEntry front-end/Images/forward.png
96 silly gunzTarPerm extractEntry front-end/Images/frame.png
97 silly gunzTarPerm extractEntry front-end/Images/gearButtonGlyph.png
98 silly gunzTarPerm extractEntry front-end/Images/glossyHeader.png
99 silly gunzTarPerm extractEntry front-end/Images/glossyHeaderPressed.png
100 silly gunzTarPerm extractEntry front-end/Images/glossyHeaderSelected.png
101 silly gunzTarPerm extractEntry front-end/Images/glossyHeaderSelectedPressed.png
102 silly gunzTarPerm extractEntry front-end/Images/goArrow.png
103 silly gunzTarPerm extractEntry front-end/Images/graphLabelCalloutLeft.png
104 silly gunzTarPerm extractEntry front-end/Images/graphLabelCalloutRight.png
105 silly gunzTarPerm extractEntry front-end/Images/largerResourcesButtonGlyph.png
106 silly gunzTarPerm extractEntry front-end/Images/localStorage.png
107 silly gunzTarPerm extractEntry front-end/Images/navigatorShowHideButton.png
108 silly gunzTarPerm extractEntry front-end/Images/networkIcon.png
109 silly gunzTarPerm extractEntry front-end/Images/nodeSearchButtonGlyph.png
110 silly gunzTarPerm extractEntry front-end/Images/paneAddButtons.png
111 silly gunzTarPerm extractEntry front-end/Images/paneBottomGrow.png
112 silly gunzTarPerm extractEntry front-end/Images/paneBottomGrowActive.png
113 silly gunzTarPerm extractEntry front-end/Images/paneElementStateButtons.png
114 silly gunzTarPerm extractEntry front-end/Images/paneFilterButtons.png
115 silly gunzTarPerm extractEntry front-end/Images/paneGrowHandleLine.png
116 silly gunzTarPerm extractEntry front-end/Images/paneRefreshButtons.png
117 silly gunzTarPerm extractEntry front-end/Images/paneSettingsButtons.png
118 silly gunzTarPerm extractEntry front-end/Images/pauseOnExceptionButtonGlyph.png
119 silly gunzTarPerm extractEntry front-end/Images/percentButtonGlyph.png
120 silly gunzTarPerm extractEntry front-end/Images/popoverArrows.png
121 silly gunzTarPerm extractEntry front-end/Images/popoverBackground.png
122 silly gunzTarPerm extractEntry front-end/Images/profileGroupIcon.png
123 silly gunzTarPerm extractEntry front-end/Images/profileIcon.png
124 silly gunzTarPerm extractEntry front-end/Images/profileSmallIcon.png
125 silly gunzTarPerm extractEntry front-end/Images/profilesIcon.png
126 silly gunzTarPerm extractEntry front-end/Images/profilesSilhouette.png
127 silly gunzTarPerm extractEntry front-end/Images/programCounterBorder.png
128 silly gunzTarPerm extractEntry front-end/Images/radioDot.png
129 silly gunzTarPerm extractEntry front-end/Images/recordButtonGlyph.png
130 silly gunzTarPerm extractEntry front-end/Images/recordToggledButtonGlyph.png
131 silly gunzTarPerm extractEntry front-end/Images/reloadButtonGlyph.png
132 silly gunzTarPerm extractEntry front-end/Images/resourceCSSIcon.png
133 silly gunzTarPerm extractEntry front-end/Images/resourceDocumentIcon.png
134 silly gunzTarPerm extractEntry front-end/Images/resourceDocumentIconSmall.png
135 silly gunzTarPerm extractEntry front-end/Images/resourceJSIcon.png
136 silly gunzTarPerm extractEntry front-end/Images/resourcePlainIcon.png
137 silly gunzTarPerm extractEntry front-end/Images/resourcePlainIconSmall.png
138 silly gunzTarPerm extractEntry front-end/Images/resourcesIcon.png
139 silly gunzTarPerm extractEntry front-end/Images/auditsIcon.png
140 silly gunzTarPerm extractEntry front-end/Images/resourcesTimeGraphIcon.png
141 silly gunzTarPerm extractEntry front-end/Images/scriptsIcon.png
142 silly gunzTarPerm extractEntry front-end/Images/scriptsSilhouette.png
143 silly gunzTarPerm extractEntry front-end/Images/searchSmallBlue.png
144 silly gunzTarPerm extractEntry front-end/Images/searchSmallBrightBlue.png
145 silly gunzTarPerm extractEntry front-end/Images/searchSmallGray.png
146 silly gunzTarPerm extractEntry front-end/Images/searchSmallWhite.png
147 silly gunzTarPerm extractEntry front-end/Images/segment.png
148 silly gunzTarPerm extractEntry front-end/Images/segmentEnd.png
149 silly gunzTarPerm extractEntry front-end/Images/segmentHover.png
150 silly gunzTarPerm extractEntry front-end/Images/segmentHoverEnd.png
151 silly gunzTarPerm extractEntry front-end/Images/segmentSelected.png
152 silly gunzTarPerm extractEntry front-end/Images/segmentSelectedEnd.png
153 silly gunzTarPerm extractEntry front-end/Images/sessionStorage.png
154 silly gunzTarPerm extractEntry front-end/Images/spinner.gif
155 silly gunzTarPerm extractEntry front-end/Images/spinnerActive.gif
156 silly gunzTarPerm extractEntry front-end/Images/spinnerActiveSelected.gif
157 silly gunzTarPerm extractEntry front-end/Images/spinnerInactive.gif
158 silly gunzTarPerm extractEntry front-end/Images/spinnerInactiveSelected.gif
159 silly gunzTarPerm extractEntry front-end/Images/splitviewDimple.png
160 silly gunzTarPerm extractEntry front-end/Images/splitviewDividerBackground.png
161 silly gunzTarPerm extractEntry front-end/Images/statusbarBackground.png
162 silly gunzTarPerm extractEntry front-end/Images/statusbarBackgroundChromium.png
163 silly gunzTarPerm extractEntry front-end/Images/statusbarBottomBackground.png
164 silly gunzTarPerm extractEntry front-end/Images/statusbarBottomBackgroundChromium.png
165 silly gunzTarPerm extractEntry front-end/Images/statusbarButtonGlyphs.png
166 silly gunzTarPerm extractEntry front-end/Images/statusbarButtons.png
167 silly gunzTarPerm extractEntry front-end/Images/statusbarButtonsChromium.png
168 silly gunzTarPerm extractEntry front-end/Images/statusbarMenuButton.png
169 silly gunzTarPerm extractEntry front-end/Images/statusbarMenuButtonChromium.png
170 silly gunzTarPerm extractEntry front-end/Images/statusbarMenuButtonSelected.png
171 silly gunzTarPerm extractEntry front-end/Images/statusbarMenuButtonSelectedChromium.png
172 silly gunzTarPerm extractEntry front-end/Images/statusbarResizerHorizontal.png
173 silly gunzTarPerm extractEntry front-end/Images/statusbarResizerVertical.png
174 silly gunzTarPerm extractEntry front-end/Images/successGreenDot.png
175 silly gunzTarPerm extractEntry front-end/Images/thumbActiveHoriz.png
176 silly gunzTarPerm extractEntry front-end/Images/thumbActiveVert.png
177 silly gunzTarPerm extractEntry front-end/Images/thumbHoriz.png
178 silly gunzTarPerm extractEntry front-end/Images/thumbHoverHoriz.png
179 silly gunzTarPerm extractEntry front-end/Images/thumbHoverVert.png
180 silly gunzTarPerm extractEntry front-end/Images/thumbVert.png
181 silly gunzTarPerm extractEntry front-end/Images/timelineBarBlue.png
182 silly gunzTarPerm extractEntry front-end/Images/timelineBarGray.png
183 silly gunzTarPerm extractEntry front-end/Images/timelineBarGreen.png
184 silly gunzTarPerm extractEntry front-end/Images/timelineBarOrange.png
185 silly gunzTarPerm extractEntry front-end/Images/timelineBarPurple.png
186 silly gunzTarPerm extractEntry front-end/Images/timelineBarRed.png
187 silly gunzTarPerm extractEntry front-end/Images/timelineBarYellow.png
188 silly gunzTarPerm extractEntry front-end/Images/timelineCheckmarks.png
189 silly gunzTarPerm extractEntry front-end/Images/timelineDots.png
190 silly gunzTarPerm extractEntry front-end/Images/timelineHollowPillBlue.png
191 silly gunzTarPerm extractEntry front-end/Images/timelineHollowPillGray.png
192 silly gunzTarPerm extractEntry front-end/Images/timelineHollowPillGreen.png
193 silly gunzTarPerm extractEntry front-end/Images/timelineHollowPillOrange.png
194 silly gunzTarPerm extractEntry front-end/Images/timelineHollowPillPurple.png
195 silly gunzTarPerm extractEntry front-end/Images/timelineHollowPillRed.png
196 silly gunzTarPerm extractEntry front-end/Images/timelineHollowPillYellow.png
197 silly gunzTarPerm extractEntry front-end/Images/timelineIcon.png
198 silly gunzTarPerm extractEntry front-end/Images/timelinePillBlue.png
199 silly gunzTarPerm extractEntry front-end/Images/timelinePillGray.png
200 silly gunzTarPerm extractEntry front-end/Images/timelinePillGreen.png
201 silly gunzTarPerm extractEntry front-end/Images/timelinePillOrange.png
202 silly gunzTarPerm extractEntry front-end/Images/timelinePillPurple.png
203 silly gunzTarPerm extractEntry front-end/Images/timelinePillRed.png
204 silly gunzTarPerm extractEntry front-end/Images/timelinePillYellow.png
205 silly gunzTarPerm extractEntry front-end/Images/toolbarIcons.png
206 silly gunzTarPerm extractEntry front-end/Images/toolbarIconsSmall.png
207 silly gunzTarPerm extractEntry front-end/Images/toolbarItemSelected.png
208 silly gunzTarPerm extractEntry front-end/Images/trackHoriz.png
209 silly gunzTarPerm extractEntry front-end/Images/trackVert.png
210 silly gunzTarPerm extractEntry front-end/Images/treeDownTriangleBlack.png
211 silly gunzTarPerm extractEntry front-end/Images/treeDownTriangleWhite.png
212 silly gunzTarPerm extractEntry front-end/Images/treeRightTriangleBlack.png
213 silly gunzTarPerm extractEntry front-end/Images/treeRightTriangleWhite.png
214 silly gunzTarPerm extractEntry front-end/Images/treeUpTriangleBlack.png
215 silly gunzTarPerm extractEntry front-end/Images/treeUpTriangleWhite.png
216 silly gunzTarPerm extractEntry front-end/Images/undockButtonGlyph.png
217 silly gunzTarPerm extractEntry front-end/Images/userInputIcon.png
218 silly gunzTarPerm extractEntry front-end/Images/userInputPreviousIcon.png
219 silly gunzTarPerm extractEntry front-end/Images/userInputResultIcon.png
220 silly gunzTarPerm extractEntry front-end/Images/warningIcon.png
221 silly gunzTarPerm extractEntry front-end/Images/warningMediumIcon.png
222 silly gunzTarPerm extractEntry front-end/Images/warningOrangeDot.png
223 silly gunzTarPerm extractEntry front-end/Images/warningsErrors.png
224 silly gunzTarPerm extractEntry front-end/helpScreen.css
225 silly gunzTarPerm extractEntry front-end/index.html
226 silly gunzTarPerm extractEntry front-end/navigatorView.css
227 silly gunzTarPerm extractEntry front-end/devtools.css
228 silly gunzTarPerm extractEntry front-end/scriptsPanel.css
229 silly gunzTarPerm extractEntry front-end/splitView.css
230 silly gunzTarPerm extractEntry front-end/tabbedPane.css
231 silly gunzTarPerm extractEntry front-end/textPrompt.css
232 silly gunzTarPerm extractEntry front-end/textViewer.css
233 silly gunzTarPerm extractEntry lib/callback.js
234 silly gunzTarPerm extractEntry lib/client.js
235 silly gunzTarPerm extractEntry lib/debug-server.js
236 silly gunzTarPerm extractEntry lib/protocol.js
237 silly gunzTarPerm extractEntry lib/session2.js
238 silly gunzTarPerm extractEntry lib/v2w.js
239 silly gunzTarPerm extractEntry lib/front-end/browser.js
240 silly gunzTarPerm extractEntry lib/front-end/callframe.js
241 silly gunzTarPerm extractEntry lib/front-end/console.js
242 silly gunzTarPerm extractEntry lib/front-end/debugger.js
243 silly gunzTarPerm extractEntry lib/front-end/location.js
244 silly gunzTarPerm extractEntry lib/front-end/remote-object.js
245 silly gunzTarPerm extractEntry lib/front-end/runtime.js
246 silly gunzTarPerm extractEntry lib/front-end/scope.js
247 silly gunzTarPerm extractEntry readme.md
248 silly gunzTarPerm extractEntry test/hello.js
249 verbose read json /var/folders/kz/nxrwsvdx30s0v45khlnfcq7h0000gn/T/npm-1268/1371235752917-0.5273103220388293/package/package.json
250 silly lockFile 1315746b-52917-0-5273103220388293-package /var/folders/kz/nxrwsvdx30s0v45khlnfcq7h0000gn/T/npm-1268/1371235752917-0.5273103220388293/package
251 silly lockFile 1315746b-52917-0-5273103220388293-package /var/folders/kz/nxrwsvdx30s0v45khlnfcq7h0000gn/T/npm-1268/1371235752917-0.5273103220388293/package
252 silly lockFile 86ae6346-52917-0-5273103220388293-tmp-tgz /var/folders/kz/nxrwsvdx30s0v45khlnfcq7h0000gn/T/npm-1268/1371235752917-0.5273103220388293/tmp.tgz
253 silly lockFile 86ae6346-52917-0-5273103220388293-tmp-tgz /var/folders/kz/nxrwsvdx30s0v45khlnfcq7h0000gn/T/npm-1268/1371235752917-0.5273103220388293/tmp.tgz
254 verbose from cache /var/folders/kz/nxrwsvdx30s0v45khlnfcq7h0000gn/T/npm-1268/1371235752917-0.5273103220388293/package/package.json
255 verbose tar pack [ '/Users/jared/.npm/node-inspector/0.2.0beta4/package.tgz',
255 verbose tar pack   '/var/folders/kz/nxrwsvdx30s0v45khlnfcq7h0000gn/T/npm-1268/1371235752917-0.5273103220388293/package' ]
256 verbose tarball /Users/jared/.npm/node-inspector/0.2.0beta4/package.tgz
257 verbose folder /var/folders/kz/nxrwsvdx30s0v45khlnfcq7h0000gn/T/npm-1268/1371235752917-0.5273103220388293/package
258 silly lockFile 1315746b-52917-0-5273103220388293-package /var/folders/kz/nxrwsvdx30s0v45khlnfcq7h0000gn/T/npm-1268/1371235752917-0.5273103220388293/package
259 verbose lock /var/folders/kz/nxrwsvdx30s0v45khlnfcq7h0000gn/T/npm-1268/1371235752917-0.5273103220388293/package /Users/jared/.npm/1315746b-52917-0-5273103220388293-package.lock
260 silly lockFile ef1c3671-inspector-0-2-0beta4-package-tgz /Users/jared/.npm/node-inspector/0.2.0beta4/package.tgz
261 verbose lock /Users/jared/.npm/node-inspector/0.2.0beta4/package.tgz /Users/jared/.npm/ef1c3671-inspector-0-2-0beta4-package-tgz.lock
262 silly lockFile 1315746b-52917-0-5273103220388293-package /var/folders/kz/nxrwsvdx30s0v45khlnfcq7h0000gn/T/npm-1268/1371235752917-0.5273103220388293/package
263 silly lockFile 1315746b-52917-0-5273103220388293-package /var/folders/kz/nxrwsvdx30s0v45khlnfcq7h0000gn/T/npm-1268/1371235752917-0.5273103220388293/package
264 silly lockFile ef1c3671-inspector-0-2-0beta4-package-tgz /Users/jared/.npm/node-inspector/0.2.0beta4/package.tgz
265 silly lockFile ef1c3671-inspector-0-2-0beta4-package-tgz /Users/jared/.npm/node-inspector/0.2.0beta4/package.tgz
266 silly lockFile 358afb6e-ode-inspector-0-2-0beta4-package /Users/jared/.npm/node-inspector/0.2.0beta4/package
267 verbose lock /Users/jared/.npm/node-inspector/0.2.0beta4/package /Users/jared/.npm/358afb6e-ode-inspector-0-2-0beta4-package.lock
268 silly lockFile 358afb6e-ode-inspector-0-2-0beta4-package /Users/jared/.npm/node-inspector/0.2.0beta4/package
269 silly lockFile 358afb6e-ode-inspector-0-2-0beta4-package /Users/jared/.npm/node-inspector/0.2.0beta4/package
270 verbose tar unpack /Users/jared/.npm/node-inspector/0.2.0beta4/package.tgz
271 silly lockFile 358afb6e-ode-inspector-0-2-0beta4-package /Users/jared/.npm/node-inspector/0.2.0beta4/package
272 verbose lock /Users/jared/.npm/node-inspector/0.2.0beta4/package /Users/jared/.npm/358afb6e-ode-inspector-0-2-0beta4-package.lock
273 silly lockFile ef1c3671-inspector-0-2-0beta4-package-tgz /Users/jared/.npm/node-inspector/0.2.0beta4/package.tgz
274 verbose lock /Users/jared/.npm/node-inspector/0.2.0beta4/package.tgz /Users/jared/.npm/ef1c3671-inspector-0-2-0beta4-package-tgz.lock
275 silly gunzTarPerm modes [ '755', '644' ]
276 silly gunzTarPerm extractEntry package.json
277 silly gunzTarPerm extractEntry .npmignore
278 silly gunzTarPerm extractEntry LICENSE
279 silly gunzTarPerm extractEntry ChangeLog
280 silly gunzTarPerm extractEntry bin/inspector.js
281 silly gunzTarPerm extractEntry config.json
282 silly gunzTarPerm extractEntry front-end/devtools.js
283 silly gunzTarPerm extractEntry front-end/node/InspectorBackendStub.js
284 silly gunzTarPerm extractEntry front-end/node/InspectorFrontendHostStub.js
285 silly gunzTarPerm extractEntry front-end/node/Overrides.js
286 silly gunzTarPerm extractEntry front-end/Images/resourcesSizeGraphIcon.png
287 silly gunzTarPerm extractEntry front-end/Images/applicationCache.png
288 silly gunzTarPerm extractEntry front-end/Images/back.png
289 silly gunzTarPerm extractEntry front-end/Images/breakpointBorder.png
290 silly gunzTarPerm extractEntry front-end/Images/breakpointConditionalBorder.png
291 silly gunzTarPerm extractEntry front-end/Images/breakpointConditionalCounterBorder.png
292 silly gunzTarPerm extractEntry front-end/Images/breakpointCounterBorder.png
293 silly gunzTarPerm extractEntry front-end/Images/breakpointsActivateButtonGlyph.png
294 silly gunzTarPerm extractEntry front-end/Images/breakpointsDeactivateButtonGlyph.png
295 silly gunzTarPerm extractEntry front-end/Images/checker.png
296 silly gunzTarPerm extractEntry front-end/Images/clearConsoleButtonGlyph.png
297 silly gunzTarPerm extractEntry front-end/Images/closeButtons.png
298 silly gunzTarPerm extractEntry front-end/Images/consoleButtonGlyph.png
299 silly gunzTarPerm extractEntry front-end/Images/consoleIcon.png
300 silly gunzTarPerm extractEntry front-end/Images/cookie.png
301 silly gunzTarPerm extractEntry front-end/Images/database.png
302 silly gunzTarPerm extractEntry front-end/Images/databaseTable.png
303 silly gunzTarPerm extractEntry front-end/Images/debuggerContinue.png
304 silly gunzTarPerm extractEntry front-end/Images/debuggerPause.png
305 silly gunzTarPerm extractEntry front-end/Images/debuggerStepInto.png
306 silly gunzTarPerm extractEntry front-end/Images/debuggerStepOut.png
307 silly gunzTarPerm extractEntry front-end/Images/debuggerStepOver.png
308 silly gunzTarPerm extractEntry front-end/Images/deleteIcon.png
309 silly gunzTarPerm extractEntry front-end/Images/disclosureTriangleSmallDown.png
310 silly gunzTarPerm extractEntry front-end/Images/disclosureTriangleSmallDownBlack.png
311 silly gunzTarPerm extractEntry front-end/Images/disclosureTriangleSmallDownWhite.png
312 silly gunzTarPerm extractEntry front-end/Images/disclosureTriangleSmallRight.png
313 silly gunzTarPerm extractEntry front-end/Images/disclosureTriangleSmallRightBlack.png
314 silly gunzTarPerm extractEntry front-end/Images/disclosureTriangleSmallRightDown.png
315 silly gunzTarPerm extractEntry front-end/Images/disclosureTriangleSmallRightDownBlack.png
316 silly gunzTarPerm extractEntry front-end/Images/disclosureTriangleSmallRightDownWhite.png
317 silly gunzTarPerm extractEntry front-end/Images/disclosureTriangleSmallRightWhite.png
318 silly gunzTarPerm extractEntry front-end/Images/dockButtonGlyph.png
319 silly gunzTarPerm extractEntry front-end/Images/elementsIcon.png
320 silly gunzTarPerm extractEntry front-end/Images/enableOutlineButtonGlyph.png
321 silly gunzTarPerm extractEntry front-end/Images/enableSolidButtonGlyph.png
322 silly gunzTarPerm extractEntry front-end/Images/errorIcon.png
323 silly gunzTarPerm extractEntry front-end/Images/errorMediumIcon.png
324 silly gunzTarPerm extractEntry front-end/Images/errorRedDot.png
325 silly gunzTarPerm extractEntry front-end/Images/excludeButtonGlyph.png
326 silly gunzTarPerm extractEntry front-end/Images/focusButtonGlyph.png
327 silly gunzTarPerm extractEntry front-end/Images/forward.png
328 silly gunzTarPerm extractEntry front-end/Images/frame.png
329 silly gunzTarPerm extractEntry front-end/Images/gearButtonGlyph.png
330 silly gunzTarPerm extractEntry front-end/Images/glossyHeader.png
331 silly gunzTarPerm extractEntry front-end/Images/glossyHeaderPressed.png
332 silly gunzTarPerm extractEntry front-end/Images/glossyHeaderSelected.png
333 silly gunzTarPerm extractEntry front-end/Images/glossyHeaderSelectedPressed.png
334 silly gunzTarPerm extractEntry front-end/Images/goArrow.png
335 silly gunzTarPerm extractEntry front-end/Images/graphLabelCalloutLeft.png
336 silly gunzTarPerm extractEntry front-end/Images/graphLabelCalloutRight.png
337 silly gunzTarPerm extractEntry front-end/Images/largerResourcesButtonGlyph.png
338 silly gunzTarPerm extractEntry front-end/Images/localStorage.png
339 silly gunzTarPerm extractEntry front-end/Images/navigatorShowHideButton.png
340 silly gunzTarPerm extractEntry front-end/Images/networkIcon.png
341 silly gunzTarPerm extractEntry front-end/Images/nodeSearchButtonGlyph.png
342 silly gunzTarPerm extractEntry front-end/Images/paneAddButtons.png
343 silly gunzTarPerm extractEntry front-end/Images/paneBottomGrow.png
344 silly gunzTarPerm extractEntry front-end/Images/paneBottomGrowActive.png
345 silly gunzTarPerm extractEntry front-end/Images/paneElementStateButtons.png
346 silly gunzTarPerm extractEntry front-end/Images/paneFilterButtons.png
347 silly gunzTarPerm extractEntry front-end/Images/paneGrowHandleLine.png
348 silly gunzTarPerm extractEntry front-end/Images/paneRefreshButtons.png
349 silly gunzTarPerm extractEntry front-end/Images/paneSettingsButtons.png
350 silly gunzTarPerm extractEntry front-end/Images/pauseOnExceptionButtonGlyph.png
351 silly gunzTarPerm extractEntry front-end/Images/percentButtonGlyph.png
352 silly gunzTarPerm extractEntry front-end/Images/popoverArrows.png
353 silly gunzTarPerm extractEntry front-end/Images/popoverBackground.png
354 silly gunzTarPerm extractEntry front-end/Images/profileGroupIcon.png
355 silly gunzTarPerm extractEntry front-end/Images/profileIcon.png
356 silly gunzTarPerm extractEntry front-end/Images/profileSmallIcon.png
357 silly gunzTarPerm extractEntry front-end/Images/profilesIcon.png
358 silly gunzTarPerm extractEntry front-end/Images/profilesSilhouette.png
359 silly gunzTarPerm extractEntry front-end/Images/programCounterBorder.png
360 silly gunzTarPerm extractEntry front-end/Images/radioDot.png
361 silly gunzTarPerm extractEntry front-end/Images/recordButtonGlyph.png
362 silly gunzTarPerm extractEntry front-end/Images/recordToggledButtonGlyph.png
363 silly gunzTarPerm extractEntry front-end/Images/reloadButtonGlyph.png
364 silly gunzTarPerm extractEntry front-end/Images/resourceCSSIcon.png
365 silly gunzTarPerm extractEntry front-end/Images/resourceDocumentIcon.png
366 silly gunzTarPerm extractEntry front-end/Images/resourceDocumentIconSmall.png
367 silly gunzTarPerm extractEntry front-end/Images/resourceJSIcon.png
368 silly gunzTarPerm extractEntry front-end/Images/resourcePlainIcon.png
369 silly gunzTarPerm extractEntry front-end/Images/resourcePlainIconSmall.png
370 silly gunzTarPerm extractEntry front-end/Images/resourcesIcon.png
371 silly gunzTarPerm extractEntry front-end/Images/auditsIcon.png
372 silly gunzTarPerm extractEntry front-end/Images/resourcesTimeGraphIcon.png
373 silly gunzTarPerm extractEntry front-end/Images/scriptsIcon.png
374 silly gunzTarPerm extractEntry front-end/Images/scriptsSilhouette.png
375 silly gunzTarPerm extractEntry front-end/Images/searchSmallBlue.png
376 silly gunzTarPerm extractEntry front-end/Images/searchSmallBrightBlue.png
377 silly gunzTarPerm extractEntry front-end/Images/searchSmallGray.png
378 silly gunzTarPerm extractEntry front-end/Images/searchSmallWhite.png
379 silly gunzTarPerm extractEntry front-end/Images/segment.png
380 silly gunzTarPerm extractEntry front-end/Images/segmentEnd.png
381 silly gunzTarPerm extractEntry front-end/Images/segmentHover.png
382 silly gunzTarPerm extractEntry front-end/Images/segmentHoverEnd.png
383 silly gunzTarPerm extractEntry front-end/Images/segmentSelected.png
384 silly gunzTarPerm extractEntry front-end/Images/segmentSelectedEnd.png
385 silly gunzTarPerm extractEntry front-end/Images/sessionStorage.png
386 silly gunzTarPerm extractEntry front-end/Images/spinner.gif
387 silly gunzTarPerm extractEntry front-end/Images/spinnerActive.gif
388 silly gunzTarPerm extractEntry front-end/Images/spinnerActiveSelected.gif
389 silly gunzTarPerm extractEntry front-end/Images/spinnerInactive.gif
390 silly gunzTarPerm extractEntry front-end/Images/spinnerInactiveSelected.gif
391 silly gunzTarPerm extractEntry front-end/Images/splitviewDimple.png
392 silly gunzTarPerm extractEntry front-end/Images/splitviewDividerBackground.png
393 silly gunzTarPerm extractEntry front-end/Images/statusbarBackground.png
394 silly gunzTarPerm extractEntry front-end/Images/statusbarBackgroundChromium.png
395 silly gunzTarPerm extractEntry front-end/Images/statusbarBottomBackground.png
396 silly gunzTarPerm extractEntry front-end/Images/statusbarBottomBackgroundChromium.png
397 silly gunzTarPerm extractEntry front-end/Images/statusbarButtonGlyphs.png
398 silly gunzTarPerm extractEntry front-end/Images/statusbarButtons.png
399 silly gunzTarPerm extractEntry front-end/Images/statusbarButtonsChromium.png
400 silly gunzTarPerm extractEntry front-end/Images/statusbarMenuButton.png
401 silly gunzTarPerm extractEntry front-end/Images/statusbarMenuButtonChromium.png
402 silly gunzTarPerm extractEntry front-end/Images/statusbarMenuButtonSelected.png
403 silly gunzTarPerm extractEntry front-end/Images/statusbarMenuButtonSelectedChromium.png
404 silly gunzTarPerm extractEntry front-end/Images/statusbarResizerHorizontal.png
405 silly gunzTarPerm extractEntry front-end/Images/statusbarResizerVertical.png
406 silly gunzTarPerm extractEntry front-end/Images/successGreenDot.png
407 silly gunzTarPerm extractEntry front-end/Images/thumbActiveHoriz.png
408 silly gunzTarPerm extractEntry front-end/Images/thumbActiveVert.png
409 silly gunzTarPerm extractEntry front-end/Images/thumbHoriz.png
410 silly gunzTarPerm extractEntry front-end/Images/thumbHoverHoriz.png
411 silly gunzTarPerm extractEntry front-end/Images/thumbHoverVert.png
412 silly gunzTarPerm extractEntry front-end/Images/thumbVert.png
413 silly gunzTarPerm extractEntry front-end/Images/timelineBarBlue.png
414 silly gunzTarPerm extractEntry front-end/Images/timelineBarGray.png
415 silly gunzTarPerm extractEntry front-end/Images/timelineBarGreen.png
416 silly gunzTarPerm extractEntry front-end/Images/timelineBarOrange.png
417 silly gunzTarPerm extractEntry front-end/Images/timelineBarPurple.png
418 silly gunzTarPerm extractEntry front-end/Images/timelineBarRed.png
419 silly gunzTarPerm extractEntry front-end/Images/timelineBarYellow.png
420 silly gunzTarPerm extractEntry front-end/Images/timelineCheckmarks.png
421 silly gunzTarPerm extractEntry front-end/Images/timelineDots.png
422 silly gunzTarPerm extractEntry front-end/Images/timelineHollowPillBlue.png
423 silly gunzTarPerm extractEntry front-end/Images/timelineHollowPillGray.png
424 silly gunzTarPerm extractEntry front-end/Images/timelineHollowPillGreen.png
425 silly gunzTarPerm extractEntry front-end/Images/timelineHollowPillOrange.png
426 silly gunzTarPerm extractEntry front-end/Images/timelineHollowPillPurple.png
427 silly gunzTarPerm extractEntry front-end/Images/timelineHollowPillRed.png
428 silly gunzTarPerm extractEntry front-end/Images/timelineHollowPillYellow.png
429 silly gunzTarPerm extractEntry front-end/Images/timelineIcon.png
430 silly gunzTarPerm extractEntry front-end/Images/timelinePillBlue.png
431 silly gunzTarPerm extractEntry front-end/Images/timelinePillGray.png
432 silly gunzTarPerm extractEntry front-end/Images/timelinePillGreen.png
433 silly gunzTarPerm extractEntry front-end/Images/timelinePillOrange.png
434 silly gunzTarPerm extractEntry front-end/Images/timelinePillPurple.png
435 silly gunzTarPerm extractEntry front-end/Images/timelinePillRed.png
436 silly gunzTarPerm extractEntry front-end/Images/timelinePillYellow.png
437 silly gunzTarPerm extractEntry front-end/Images/toolbarIcons.png
438 silly gunzTarPerm extractEntry front-end/Images/toolbarIconsSmall.png
439 silly gunzTarPerm extractEntry front-end/Images/toolbarItemSelected.png
440 silly gunzTarPerm extractEntry front-end/Images/trackHoriz.png
441 silly gunzTarPerm extractEntry front-end/Images/trackVert.png
442 silly gunzTarPerm extractEntry front-end/Images/treeDownTriangleBlack.png
443 silly gunzTarPerm extractEntry front-end/Images/treeDownTriangleWhite.png
444 silly gunzTarPerm extractEntry front-end/Images/treeRightTriangleBlack.png
445 silly gunzTarPerm extractEntry front-end/Images/treeRightTriangleWhite.png
446 silly gunzTarPerm extractEntry front-end/Images/treeUpTriangleBlack.png
447 silly gunzTarPerm extractEntry front-end/Images/treeUpTriangleWhite.png
448 silly gunzTarPerm extractEntry front-end/Images/undockButtonGlyph.png
449 silly gunzTarPerm extractEntry front-end/Images/userInputIcon.png
450 silly gunzTarPerm extractEntry front-end/Images/userInputPreviousIcon.png
451 silly gunzTarPerm extractEntry front-end/Images/userInputResultIcon.png
452 silly gunzTarPerm extractEntry front-end/Images/warningIcon.png
453 silly gunzTarPerm extractEntry front-end/Images/warningMediumIcon.png
454 silly gunzTarPerm extractEntry front-end/Images/warningOrangeDot.png
455 silly gunzTarPerm extractEntry front-end/Images/warningsErrors.png
456 silly gunzTarPerm extractEntry front-end/helpScreen.css
457 silly gunzTarPerm extractEntry front-end/index.html
458 silly gunzTarPerm extractEntry front-end/navigatorView.css
459 silly gunzTarPerm extractEntry front-end/devtools.css
460 silly gunzTarPerm extractEntry front-end/scriptsPanel.css
461 silly gunzTarPerm extractEntry front-end/splitView.css
462 silly gunzTarPerm extractEntry front-end/tabbedPane.css
463 silly gunzTarPerm extractEntry front-end/textPrompt.css
464 silly gunzTarPerm extractEntry front-end/textViewer.css
465 silly gunzTarPerm extractEntry lib/callback.js
466 silly gunzTarPerm extractEntry lib/client.js
467 silly gunzTarPerm extractEntry lib/debug-server.js
468 silly gunzTarPerm extractEntry lib/protocol.js
469 silly gunzTarPerm extractEntry lib/session2.js
470 silly gunzTarPerm extractEntry lib/v2w.js
471 silly gunzTarPerm extractEntry lib/front-end/browser.js
472 silly gunzTarPerm extractEntry lib/front-end/callframe.js
473 silly gunzTarPerm extractEntry lib/front-end/console.js
474 silly gunzTarPerm extractEntry lib/front-end/debugger.js
475 silly gunzTarPerm extractEntry lib/front-end/location.js
476 silly gunzTarPerm extractEntry lib/front-end/remote-object.js
477 silly gunzTarPerm extractEntry lib/front-end/runtime.js
478 silly gunzTarPerm extractEntry lib/front-end/scope.js
479 silly gunzTarPerm extractEntry readme.md
480 silly gunzTarPerm extractEntry test/hello.js
481 verbose read json /Users/jared/.npm/node-inspector/0.2.0beta4/package/package.json
482 silly lockFile 358afb6e-ode-inspector-0-2-0beta4-package /Users/jared/.npm/node-inspector/0.2.0beta4/package
483 silly lockFile 358afb6e-ode-inspector-0-2-0beta4-package /Users/jared/.npm/node-inspector/0.2.0beta4/package
484 silly lockFile ef1c3671-inspector-0-2-0beta4-package-tgz /Users/jared/.npm/node-inspector/0.2.0beta4/package.tgz
485 silly lockFile ef1c3671-inspector-0-2-0beta4-package-tgz /Users/jared/.npm/node-inspector/0.2.0beta4/package.tgz
486 verbose from cache /Users/jared/.npm/node-inspector/0.2.0beta4/package/package.json
487 verbose chmod /Users/jared/.npm/node-inspector/0.2.0beta4/package.tgz 644
488 verbose chown /Users/jared/.npm/node-inspector/0.2.0beta4/package.tgz [ 501, 20 ]
489 silly lockFile c7ebfedc-or-node-inspector-0-2-0beta4-tgz https://registry.npmjs.org/node-inspector/-/node-inspector-0.2.0beta4.tgz
490 silly lockFile c7ebfedc-or-node-inspector-0-2-0beta4-tgz https://registry.npmjs.org/node-inspector/-/node-inspector-0.2.0beta4.tgz
491 silly lockFile a798fff4-node-inspector-0-2-0beta4 node-inspector@0.2.0beta4
492 silly lockFile a798fff4-node-inspector-0-2-0beta4 node-inspector@0.2.0beta4
493 silly lockFile e68b88da-node-inspector node-inspector@
494 silly lockFile e68b88da-node-inspector node-inspector@
495 silly resolved [ { name: 'node-inspector',
495 silly resolved     version: '0.2.0beta4',
495 silly resolved     description: 'Web Inspector based nodeJS debugger',
495 silly resolved     homepage: 'http://github.com/dannycoates/node-inspector',
495 silly resolved     author: { name: 'Danny Coates', email: 'dannycoates@gmail.com' },
495 silly resolved     keywords: [ 'debug', 'debugger', 'inspector', 'profiler' ],
495 silly resolved     repository:
495 silly resolved      { type: 'git',
495 silly resolved        url: 'http://github.com/dannycoates/node-inspector.git' },
495 silly resolved     engines: { node: '>=0.6.0' },
495 silly resolved     bin: { 'node-inspector': './bin/inspector.js' },
495 silly resolved     dependencies: { 'socket.io': '0.9.14', connect: '2.7.3', async: '0.2.6' },
495 silly resolved     preferGlobal: true,
495 silly resolved     readme: 'Node Inspector is a debugger interface for nodeJS using the WebKit Web Inspector.\n\n## Getting Started\n\n### Requirements\n\n* [nodeJS](http://github.com/ry/node)\n  - versions: 0.3.0 or later\n* [npm](http://github.com/isaacs/npm)\n* A WebKit based browser: Chrome, Safari, etc.\n\n* Optional [v8-profiler](http://github.com/dannycoates/v8-profiler) to use the profiles panel\n\n### Install\n\n* With [npm](http://github.com/isaacs/npm)\n\n        $ npm install -g node-inspector\n\n### Enable debug mode\n\nTo use node-inspector, enable debugging on the node you wish to debug.\nYou can either start node with a debug flag like:\n\n    $ node --debug your/node/program.js\n\nor, to pause your script on the first line:\n\n    $ node --debug-brk your/short/node/script.js\n\nOr you can enable debugging on a node that is already running by sending\nit a signal:\n\n1. Get the PID of the node process using your favorite method. `pgrep` or `ps -ef` are good\n\n\t\t$ pgrep -l node\n\t\t2345 node your/node/server.js\n\n2. Send it the USR1 signal\n\n\t\t$ kill -s USR1 2345\n\nGreat! Now you are ready to attach node-inspector\n\n### Debugging\n\n1. start the inspector. I usually put it in the background\n\n\t\t$ node-inspector &\n\n2. open http://127.0.0.1:8080/debug?port=5858 in your favorite WebKit based browser\n\n3. you should now see the javascript source from node. If you don\'t, click the scripts tab.\n\n4. select a script and set some breakpoints (far left line numbers)\n\n5. then watch the [screencasts](http://www.youtube.com/view_play_list?p=A5216AC29A41EFA8)\n\nFor more information on getting started see the [wiki](http://github.com/dannycoates/node-inspector/wiki/Getting-Started---from-scratch)\n\nnode-inspector works almost exactly like the web inspector in Safari and\nChrome. Here\'s a good [overview](http://code.google.com/chrome/devtools/docs/scripts.html) of the UI\n\n## FAQ / WTF\n\n1. I don\'t see one of my script files in the file list.\n\n    > try refreshing the browser (F5 or command-r)\n\n2. My script runs too fast to attach the debugger.\n\n    > use `--debug-brk` to pause the script on the first line\n\n3. I got the ui in a weird state.\n\n    > when in doubt, refresh\n    \n4. Can I debug remotely?\n\n    > Yes. node-inspector must be running on the same machine, but your browser can be anywhere. Just make sure port 8080 is accessible\n\n## Inspector options\n\n    --web-port=[port]     port to host the inspector (default 8080)\n\n## Cool stuff\n\n* the WebKit Web Inspector debugger is a great js debugger interface, it works just as well for node\n* uses WebSockets, so no polling for breaks\n* remote debugging\n* javascript top to bottom :)\n* [edit running code](http://github.com/dannycoates/node-inspector/wiki/LiveEdit)\n\n## Known Issues\n\nThis is beta quality code, so use at your own risk:\n\n* be careful about viewing the contents of Buffer objects, each byte is displayed as an individual array element, for anything but tiny Buffers this will take too long to render\n* while not stopped at a breakpoint the console doesn\'t always behave as you might expect\n\n## Profiling\n\n**VERY EXPERIMENTAL**\nI don\'t recommend using this yet\n\nTo use the profiles panel, install the v8-profiler module:\n\n    npm install v8-profiler\n\nTo use it do something like:\n\n```javascript\nvar profiler = require(\'v8-profiler\');\n\nprofiler.startProfiling(\'startup\');\nslowStartupFoo();\nprofiler.stopProfiling(\'startup\');\n\nprofiler.takeSnapshot(\'beforeLeak\');\nleakyFoo();\nprofiler.takeSnapshot(\'afterLeak\');\n```\n\nThen view the profiling results with the profiles panel in node-inspector. You can\nalso take heap snapshots on demand from the profiles panel.\n\n## Thanks\n\nThis project respectfully uses code from and thanks the authors of:\n\n* [WebKit](http://webkit.org/building/checkout.html)\n* [node](http://github.com/ry/node)\n* [socket.io](http://github.com/LearnBoost/socket.io)\n* [node-paperboy](http://github.com/felixge/node-paperboy)\n\n\n',
495 silly resolved     readmeFilename: 'readme.md',
495 silly resolved     bugs: { url: 'https://github.com/dannycoates/node-inspector/issues' },
495 silly resolved     _id: 'node-inspector@0.2.0beta4',
495 silly resolved     dist: { shasum: 'c850880e32c509062e8e08f7028a6e8ac8ba8aae' },
495 silly resolved     _from: 'node-inspector@',
495 silly resolved     _resolved: 'https://registry.npmjs.org/node-inspector/-/node-inspector-0.2.0beta4.tgz' } ]
496 info install node-inspector@0.2.0beta4 into /usr/local/lib
497 info installOne node-inspector@0.2.0beta4
498 verbose from cache /Users/jared/.npm/node-inspector/0.2.0beta4/package/package.json
499 info /usr/local/lib/node_modules/node-inspector unbuild
500 verbose read json /usr/local/lib/node_modules/node-inspector/package.json
501 verbose tar unpack /Users/jared/.npm/node-inspector/0.2.0beta4/package.tgz
502 silly lockFile 885d0a05--lib-node-modules-node-inspector /usr/local/lib/node_modules/node-inspector
503 verbose lock /usr/local/lib/node_modules/node-inspector /Users/jared/.npm/885d0a05--lib-node-modules-node-inspector.lock
504 silly lockFile ef1c3671-inspector-0-2-0beta4-package-tgz /Users/jared/.npm/node-inspector/0.2.0beta4/package.tgz
505 verbose lock /Users/jared/.npm/node-inspector/0.2.0beta4/package.tgz /Users/jared/.npm/ef1c3671-inspector-0-2-0beta4-package-tgz.lock
506 silly gunzTarPerm modes [ '755', '644' ]
507 error Error: EACCES, mkdir '/usr/local/lib/node_modules/node-inspector'
507 error  { [Error: EACCES, mkdir '/usr/local/lib/node_modules/node-inspector']
507 error   errno: 3,
507 error   code: 'EACCES',
507 error   path: '/usr/local/lib/node_modules/node-inspector',
507 error   fstream_type: 'Directory',
507 error   fstream_path: '/usr/local/lib/node_modules/node-inspector',
507 error   fstream_class: 'DirWriter',
507 error   fstream_stack:
507 error    [ '/usr/local/lib/node_modules/npm/node_modules/fstream/lib/dir-writer.js:36:23',
507 error      '/usr/local/lib/node_modules/npm/node_modules/mkdirp/index.js:37:53',
507 error      'Object.oncomplete (fs.js:107:15)' ] }
508 error Please try running this command again as root/Administrator.
509 error System Darwin 12.3.0
510 error command "node" "/usr/local/bin/npm" "install" "node-inspector" "-g"
511 error cwd /Users/jared/workspace/nodews/chainLang
512 error node -v v0.10.8
513 error npm -v 1.2.23
514 error path /usr/local/lib/node_modules/node-inspector
515 error fstream_path /usr/local/lib/node_modules/node-inspector
516 error fstream_type Directory
517 error fstream_class DirWriter
518 error code EACCES
519 error errno 3
520 error stack Error: EACCES, mkdir '/usr/local/lib/node_modules/node-inspector'
521 error fstream_stack /usr/local/lib/node_modules/npm/node_modules/fstream/lib/dir-writer.js:36:23
521 error fstream_stack /usr/local/lib/node_modules/npm/node_modules/mkdirp/index.js:37:53
521 error fstream_stack Object.oncomplete (fs.js:107:15)
522 verbose exit [ 3, true ]
